CRITICAL - 2024-05-11 01:41:42 --> CodeIgniter\View\Exceptions\ViewException: Invalid file: "noticias.php"
[Method: GET, Route: /]
in SYSTEMPATH\Exceptions\FrameworkException.php on line 41.
 1 SYSTEMPATH\View\View.php(222): CodeIgniter\Exceptions\FrameworkException::forInvalidFile('noticias.php')
 2 SYSTEMPATH\Common.php(1171): CodeIgniter\View\View->render('noticias', [], true)
 3 APPPATH\Controllers\Home.php(9): view('noticias')
 4 SYSTEMPATH\CodeIgniter.php(933): App\Controllers\Home->index()
 5 SYSTEMPATH\CodeIgniter.php(509): CodeIgniter\CodeIgniter->runController(Object(App\Controllers\Home))
 6 SYSTEMPATH\CodeIgniter.php(355): CodeIgniter\CodeIgniter->handleRequest(null, Object(Config\Cache), false)
 7 SYSTEMPATH\Boot.php(312): CodeIgniter\CodeIgniter->run()
 8 SYSTEMPATH\Boot.php(67): CodeIgniter\Boot::runCodeIgniter(Object(CodeIgniter\CodeIgniter))
 9 FCPATH\index.php(56): CodeIgniter\Boot::bootWeb(Object(Config\Paths))
CRITICAL - 2024-05-11 01:43:25 --> CodeIgniter\View\Exceptions\ViewException: Invalid file: "header.php"
[Method: GET, Route: /]
in SYSTEMPATH\Exceptions\FrameworkException.php on line 41.
 1 SYSTEMPATH\View\View.php(222): CodeIgniter\Exceptions\FrameworkException::forInvalidFile('header.php')
 2 SYSTEMPATH\Common.php(1171): CodeIgniter\View\View->render('header', [], true)
 3 APPPATH\Controllers\Home.php(9): view('header')
 4 SYSTEMPATH\CodeIgniter.php(933): App\Controllers\Home->index()
 5 SYSTEMPATH\CodeIgniter.php(509): CodeIgniter\CodeIgniter->runController(Object(App\Controllers\Home))
 6 SYSTEMPATH\CodeIgniter.php(355): CodeIgniter\CodeIgniter->handleRequest(null, Object(Config\Cache), false)
 7 SYSTEMPATH\Boot.php(312): CodeIgniter\CodeIgniter->run()
 8 SYSTEMPATH\Boot.php(67): CodeIgniter\Boot::runCodeIgniter(Object(CodeIgniter\CodeIgniter))
 9 FCPATH\index.php(56): CodeIgniter\Boot::bootWeb(Object(Config\Paths))
CRITICAL - 2024-05-11 15:48:31 --> TypeError: CodeIgniter\HTTP\SiteURI::stringifyRelativePath(): Return value must be of type string, bool returned
[Method: GET, Route: /]
in SYSTEMPATH\HTTP\SiteURI.php on line 407.
 1 SYSTEMPATH\HTTP\SiteURI.php(381): CodeIgniter\HTTP\SiteURI->stringifyRelativePath(false)
 2 SYSTEMPATH\Helpers\url_helper.php(59): CodeIgniter\HTTP\SiteURI->baseUrl(false, null)
 3 APPPATH\Views\noticias\header.php(33): base_url(false)
 4 SYSTEMPATH\View\View.php(234): include('C:\\xampp\\htdocs\\cg\\app\\Views\\noticias\\header.php')
 5 SYSTEMPATH\View\View.php(237): CodeIgniter\View\View->CodeIgniter\View\{closure}()
 6 SYSTEMPATH\Common.php(1171): CodeIgniter\View\View->render('Noticias/header', [], true)
 7 APPPATH\Controllers\Noticias.php(9): view('Noticias/header')
 8 SYSTEMPATH\CodeIgniter.php(933): App\Controllers\Noticias->index()
 9 SYSTEMPATH\CodeIgniter.php(509): CodeIgniter\CodeIgniter->runController(Object(App\Controllers\Noticias))
10 SYSTEMPATH\CodeIgniter.php(355): CodeIgniter\CodeIgniter->handleRequest(null, Object(Config\Cache), false)
11 SYSTEMPATH\Boot.php(312): CodeIgniter\CodeIgniter->run()
12 SYSTEMPATH\Boot.php(67): CodeIgniter\Boot::runCodeIgniter(Object(CodeIgniter\CodeIgniter))
13 FCPATH\index.php(56): CodeIgniter\Boot::bootWeb(Object(Config\Paths))
CRITICAL - 2024-05-11 15:48:42 --> TypeError: CodeIgniter\HTTP\SiteURI::stringifyRelativePath(): Return value must be of type string, bool returned
[Method: GET, Route: /]
in SYSTEMPATH\HTTP\SiteURI.php on line 407.
 1 SYSTEMPATH\HTTP\SiteURI.php(381): CodeIgniter\HTTP\SiteURI->stringifyRelativePath(false)
 2 SYSTEMPATH\Helpers\url_helper.php(59): CodeIgniter\HTTP\SiteURI->baseUrl(false, null)
 3 APPPATH\Views\noticias\header.php(33): base_url(false)
 4 SYSTEMPATH\View\View.php(234): include('C:\\xampp\\htdocs\\cg\\app\\Views\\noticias\\header.php')
 5 SYSTEMPATH\View\View.php(237): CodeIgniter\View\View->CodeIgniter\View\{closure}()
 6 SYSTEMPATH\Common.php(1171): CodeIgniter\View\View->render('Noticias/header', [], true)
 7 APPPATH\Controllers\Noticias.php(9): view('Noticias/header')
 8 SYSTEMPATH\CodeIgniter.php(933): App\Controllers\Noticias->index()
 9 SYSTEMPATH\CodeIgniter.php(509): CodeIgniter\CodeIgniter->runController(Object(App\Controllers\Noticias))
10 SYSTEMPATH\CodeIgniter.php(355): CodeIgniter\CodeIgniter->handleRequest(null, Object(Config\Cache), false)
11 SYSTEMPATH\Boot.php(312): CodeIgniter\CodeIgniter->run()
12 SYSTEMPATH\Boot.php(67): CodeIgniter\Boot::runCodeIgniter(Object(CodeIgniter\CodeIgniter))
13 FCPATH\index.php(56): CodeIgniter\Boot::bootWeb(Object(Config\Paths))
CRITICAL - 2024-05-11 15:49:36 --> TypeError: CodeIgniter\HTTP\SiteURI::stringifyRelativePath(): Return value must be of type string, bool returned
[Method: GET, Route: /]
in SYSTEMPATH\HTTP\SiteURI.php on line 407.
 1 SYSTEMPATH\HTTP\SiteURI.php(381): CodeIgniter\HTTP\SiteURI->stringifyRelativePath(false)
 2 SYSTEMPATH\Helpers\url_helper.php(59): CodeIgniter\HTTP\SiteURI->baseUrl(false, null)
 3 APPPATH\Views\noticias\header.php(33): base_url(false)
 4 SYSTEMPATH\View\View.php(234): include('C:\\xampp\\htdocs\\cg\\app\\Views\\noticias\\header.php')
 5 SYSTEMPATH\View\View.php(237): CodeIgniter\View\View->CodeIgniter\View\{closure}()
 6 SYSTEMPATH\Common.php(1171): CodeIgniter\View\View->render('Noticias/header', [], true)
 7 APPPATH\Controllers\Noticias.php(9): view('Noticias/header')
 8 SYSTEMPATH\CodeIgniter.php(933): App\Controllers\Noticias->index()
 9 SYSTEMPATH\CodeIgniter.php(509): CodeIgniter\CodeIgniter->runController(Object(App\Controllers\Noticias))
10 SYSTEMPATH\CodeIgniter.php(355): CodeIgniter\CodeIgniter->handleRequest(null, Object(Config\Cache), false)
11 SYSTEMPATH\Boot.php(312): CodeIgniter\CodeIgniter->run()
12 SYSTEMPATH\Boot.php(67): CodeIgniter\Boot::runCodeIgniter(Object(CodeIgniter\CodeIgniter))
13 FCPATH\index.php(56): CodeIgniter\Boot::bootWeb(Object(Config\Paths))
CRITICAL - 2024-05-11 15:49:54 --> TypeError: CodeIgniter\HTTP\SiteURI::stringifyRelativePath(): Return value must be of type string, bool returned
[Method: GET, Route: /]
in SYSTEMPATH\HTTP\SiteURI.php on line 407.
 1 SYSTEMPATH\HTTP\SiteURI.php(381): CodeIgniter\HTTP\SiteURI->stringifyRelativePath(false)
 2 SYSTEMPATH\Helpers\url_helper.php(59): CodeIgniter\HTTP\SiteURI->baseUrl(false, null)
 3 APPPATH\Views\noticias\header.php(33): base_url(false)
 4 SYSTEMPATH\View\View.php(234): include('C:\\xampp\\htdocs\\cg\\app\\Views\\noticias\\header.php')
 5 SYSTEMPATH\View\View.php(237): CodeIgniter\View\View->CodeIgniter\View\{closure}()
 6 SYSTEMPATH\Common.php(1171): CodeIgniter\View\View->render('Noticias/header', [], true)
 7 APPPATH\Controllers\Noticias.php(9): view('Noticias/header')
 8 SYSTEMPATH\CodeIgniter.php(933): App\Controllers\Noticias->index()
 9 SYSTEMPATH\CodeIgniter.php(509): CodeIgniter\CodeIgniter->runController(Object(App\Controllers\Noticias))
10 SYSTEMPATH\CodeIgniter.php(355): CodeIgniter\CodeIgniter->handleRequest(null, Object(Config\Cache), false)
11 SYSTEMPATH\Boot.php(312): CodeIgniter\CodeIgniter->run()
12 SYSTEMPATH\Boot.php(67): CodeIgniter\Boot::runCodeIgniter(Object(CodeIgniter\CodeIgniter))
13 FCPATH\index.php(56): CodeIgniter\Boot::bootWeb(Object(Config\Paths))
CRITICAL - 2024-05-11 15:49:55 --> TypeError: CodeIgniter\HTTP\SiteURI::stringifyRelativePath(): Return value must be of type string, bool returned
[Method: GET, Route: /]
in SYSTEMPATH\HTTP\SiteURI.php on line 407.
 1 SYSTEMPATH\HTTP\SiteURI.php(381): CodeIgniter\HTTP\SiteURI->stringifyRelativePath(false)
 2 SYSTEMPATH\Helpers\url_helper.php(59): CodeIgniter\HTTP\SiteURI->baseUrl(false, null)
 3 APPPATH\Views\noticias\header.php(33): base_url(false)
 4 SYSTEMPATH\View\View.php(234): include('C:\\xampp\\htdocs\\cg\\app\\Views\\noticias\\header.php')
 5 SYSTEMPATH\View\View.php(237): CodeIgniter\View\View->CodeIgniter\View\{closure}()
 6 SYSTEMPATH\Common.php(1171): CodeIgniter\View\View->render('Noticias/header', [], true)
 7 APPPATH\Controllers\Noticias.php(9): view('Noticias/header')
 8 SYSTEMPATH\CodeIgniter.php(933): App\Controllers\Noticias->index()
 9 SYSTEMPATH\CodeIgniter.php(509): CodeIgniter\CodeIgniter->runController(Object(App\Controllers\Noticias))
10 SYSTEMPATH\CodeIgniter.php(355): CodeIgniter\CodeIgniter->handleRequest(null, Object(Config\Cache), false)
11 SYSTEMPATH\Boot.php(312): CodeIgniter\CodeIgniter->run()
12 SYSTEMPATH\Boot.php(67): CodeIgniter\Boot::runCodeIgniter(Object(CodeIgniter\CodeIgniter))
13 FCPATH\index.php(56): CodeIgniter\Boot::bootWeb(Object(Config\Paths))
CRITICAL - 2024-05-11 15:50:14 --> TypeError: CodeIgniter\HTTP\SiteURI::stringifyRelativePath(): Return value must be of type string, bool returned
[Method: GET, Route: /]
in SYSTEMPATH\HTTP\SiteURI.php on line 407.
 1 SYSTEMPATH\HTTP\SiteURI.php(381): CodeIgniter\HTTP\SiteURI->stringifyRelativePath(false)
 2 SYSTEMPATH\Helpers\url_helper.php(59): CodeIgniter\HTTP\SiteURI->baseUrl(false, null)
 3 APPPATH\Views\noticias\header.php(33): base_url(false)
 4 SYSTEMPATH\View\View.php(234): include('C:\\xampp\\htdocs\\cg\\app\\Views\\noticias\\header.php')
 5 SYSTEMPATH\View\View.php(237): CodeIgniter\View\View->CodeIgniter\View\{closure}()
 6 SYSTEMPATH\Common.php(1171): CodeIgniter\View\View->render('Noticias/header', [], true)
 7 APPPATH\Controllers\Noticias.php(9): view('Noticias/header')
 8 SYSTEMPATH\CodeIgniter.php(933): App\Controllers\Noticias->index()
 9 SYSTEMPATH\CodeIgniter.php(509): CodeIgniter\CodeIgniter->runController(Object(App\Controllers\Noticias))
10 SYSTEMPATH\CodeIgniter.php(355): CodeIgniter\CodeIgniter->handleRequest(null, Object(Config\Cache), false)
11 SYSTEMPATH\Boot.php(312): CodeIgniter\CodeIgniter->run()
12 SYSTEMPATH\Boot.php(67): CodeIgniter\Boot::runCodeIgniter(Object(CodeIgniter\CodeIgniter))
13 FCPATH\index.php(56): CodeIgniter\Boot::bootWeb(Object(Config\Paths))
CRITICAL - 2024-05-11 15:50:28 --> TypeError: CodeIgniter\HTTP\SiteURI::stringifyRelativePath(): Return value must be of type string, bool returned
[Method: GET, Route: /]
in SYSTEMPATH\HTTP\SiteURI.php on line 407.
 1 SYSTEMPATH\HTTP\SiteURI.php(381): CodeIgniter\HTTP\SiteURI->stringifyRelativePath(false)
 2 SYSTEMPATH\Helpers\url_helper.php(59): CodeIgniter\HTTP\SiteURI->baseUrl(false, null)
 3 APPPATH\Views\noticias\header.php(33): base_url(false)
 4 SYSTEMPATH\View\View.php(234): include('C:\\xampp\\htdocs\\cg\\app\\Views\\noticias\\header.php')
 5 SYSTEMPATH\View\View.php(237): CodeIgniter\View\View->CodeIgniter\View\{closure}()
 6 SYSTEMPATH\Common.php(1171): CodeIgniter\View\View->render('Noticias/header', [], true)
 7 APPPATH\Controllers\Noticias.php(9): view('Noticias/header')
 8 SYSTEMPATH\CodeIgniter.php(933): App\Controllers\Noticias->index()
 9 SYSTEMPATH\CodeIgniter.php(509): CodeIgniter\CodeIgniter->runController(Object(App\Controllers\Noticias))
10 SYSTEMPATH\CodeIgniter.php(355): CodeIgniter\CodeIgniter->handleRequest(null, Object(Config\Cache), false)
11 SYSTEMPATH\Boot.php(312): CodeIgniter\CodeIgniter->run()
12 SYSTEMPATH\Boot.php(67): CodeIgniter\Boot::runCodeIgniter(Object(CodeIgniter\CodeIgniter))
13 FCPATH\index.php(56): CodeIgniter\Boot::bootWeb(Object(Config\Paths))
CRITICAL - 2024-05-11 15:51:39 --> TypeError: CodeIgniter\HTTP\SiteURI::stringifyRelativePath(): Return value must be of type string, bool returned
[Method: GET, Route: /]
in SYSTEMPATH\HTTP\SiteURI.php on line 407.
 1 SYSTEMPATH\HTTP\SiteURI.php(381): CodeIgniter\HTTP\SiteURI->stringifyRelativePath(false)
 2 SYSTEMPATH\Helpers\url_helper.php(59): CodeIgniter\HTTP\SiteURI->baseUrl(false, null)
 3 APPPATH\Views\noticias\header.php(33): base_url(false)
 4 SYSTEMPATH\View\View.php(234): include('C:\\xampp\\htdocs\\cg\\app\\Views\\noticias\\header.php')
 5 SYSTEMPATH\View\View.php(237): CodeIgniter\View\View->CodeIgniter\View\{closure}()
 6 SYSTEMPATH\Common.php(1171): CodeIgniter\View\View->render('Noticias/header', [], true)
 7 APPPATH\Controllers\Noticias.php(9): view('Noticias/header')
 8 SYSTEMPATH\CodeIgniter.php(933): App\Controllers\Noticias->index()
 9 SYSTEMPATH\CodeIgniter.php(509): CodeIgniter\CodeIgniter->runController(Object(App\Controllers\Noticias))
10 SYSTEMPATH\CodeIgniter.php(355): CodeIgniter\CodeIgniter->handleRequest(null, Object(Config\Cache), false)
11 SYSTEMPATH\Boot.php(312): CodeIgniter\CodeIgniter->run()
12 SYSTEMPATH\Boot.php(67): CodeIgniter\Boot::runCodeIgniter(Object(CodeIgniter\CodeIgniter))
13 FCPATH\index.php(56): CodeIgniter\Boot::bootWeb(Object(Config\Paths))
CRITICAL - 2024-05-11 15:53:00 --> ParseError: syntax error, unexpected identifier "indez", expecting variable
[Method: GET, Route: /]
in APPPATH\Controllers\Noticias.php on line 7.
 1 SYSTEMPATH\Autoloader\Autoloader.php(296): CodeIgniter\Autoloader\Autoloader->includeFile('C:\\xampp\\htdocs\\cg\\app\\Controllers\\Noticias.php')
 2 SYSTEMPATH\Autoloader\Autoloader.php(272): CodeIgniter\Autoloader\Autoloader->loadInNamespace('App\\Controllers\\Noticias')
 3 [internal function]: CodeIgniter\Autoloader\Autoloader->loadClass('App\\Controllers\\Noticias')
 4 SYSTEMPATH\CodeIgniter.php(887): class_exists('\\App\\Controllers\\Noticias', true)
 5 SYSTEMPATH\CodeIgniter.php(496): CodeIgniter\CodeIgniter->startController()
 6 SYSTEMPATH\CodeIgniter.php(355): CodeIgniter\CodeIgniter->handleRequest(null, Object(Config\Cache), false)
 7 SYSTEMPATH\Boot.php(312): CodeIgniter\CodeIgniter->run()
 8 SYSTEMPATH\Boot.php(67): CodeIgniter\Boot::runCodeIgniter(Object(CodeIgniter\CodeIgniter))
 9 FCPATH\index.php(56): CodeIgniter\Boot::bootWeb(Object(Config\Paths))
CRITICAL - 2024-05-11 17:04:05 --> CodeIgniter\HTTP\Exceptions\BadRequestException: The URI you submitted has disallowed characters: "href="
[Method: GET, Route: href=]
in SYSTEMPATH\Router\Router.php on line 736.
 1 SYSTEMPATH\Router\Router.php(203): CodeIgniter\Router\Router->checkDisallowedChars('href=')
 2 SYSTEMPATH\CodeIgniter.php(834): CodeIgniter\Router\Router->handle('href=')
 3 SYSTEMPATH\CodeIgniter.php(457): CodeIgniter\CodeIgniter->tryToRouteIt(Object(CodeIgniter\Router\RouteCollection))
 4 SYSTEMPATH\CodeIgniter.php(355): CodeIgniter\CodeIgniter->handleRequest(null, Object(Config\Cache), false)
 5 SYSTEMPATH\Boot.php(312): CodeIgniter\CodeIgniter->run()
 6 SYSTEMPATH\Boot.php(67): CodeIgniter\Boot::runCodeIgniter(Object(CodeIgniter\CodeIgniter))
 7 FCPATH\index.php(56): CodeIgniter\Boot::bootWeb(Object(Config\Paths))
CRITICAL - 2024-05-11 17:47:53 --> ErrorException: include(mostrar/mostrar-tarjeta.php): Failed to open stream: No such file or directory
[Method: GET, Route: /]
in APPPATH\Views\noticias\contenido.php on line 15.
 1 APPPATH\Views\noticias\contenido.php(15): CodeIgniter\Debug\Exceptions->errorHandler(2, 'include(mostrar/mostrar-tarjeta.php): Failed to open stream: No such file or directory', 'C:\\xampp\\htdocs\\cg\\app\\Views\\noticias\\contenido.php', 15)
 2 APPPATH\Views\noticias\contenido.php(15): include()
 3 SYSTEMPATH\View\View.php(234): include('C:\\xampp\\htdocs\\cg\\app\\Views\\noticias\\contenido.php')
 4 SYSTEMPATH\View\View.php(237): CodeIgniter\View\View->CodeIgniter\View\{closure}()
 5 SYSTEMPATH\Common.php(1171): CodeIgniter\View\View->render('Noticias/contenido', [], true)
 6 APPPATH\Controllers\Home.php(10): view('Noticias/contenido')
 7 SYSTEMPATH\CodeIgniter.php(933): App\Controllers\Home->index()
 8 SYSTEMPATH\CodeIgniter.php(509): CodeIgniter\CodeIgniter->runController(Object(App\Controllers\Home))
 9 SYSTEMPATH\CodeIgniter.php(355): CodeIgniter\CodeIgniter->handleRequest(null, Object(Config\Cache), false)
10 SYSTEMPATH\Boot.php(312): CodeIgniter\CodeIgniter->run()
11 SYSTEMPATH\Boot.php(67): CodeIgniter\Boot::runCodeIgniter(Object(CodeIgniter\CodeIgniter))
12 FCPATH\index.php(56): CodeIgniter\Boot::bootWeb(Object(Config\Paths))
ERROR - 2024-05-11 19:57:45 --> Error connecting to the database: Error: Class "SQLite3" not found in C:\xampp\htdocs\cg\system\Database\SQLite3\Connection.php:90
Stack trace:
#0 C:\xampp\htdocs\cg\system\Database\BaseConnection.php(421): CodeIgniter\Database\SQLite3\Connection->connect(false)
#1 C:\xampp\htdocs\cg\system\Database\SQLite3\Connection.php(60): CodeIgniter\Database\BaseConnection->initialize()
#2 C:\xampp\htdocs\cg\system\Test\DatabaseTestTrait.php(82): CodeIgniter\Database\SQLite3\Connection->initialize()
#3 C:\xampp\htdocs\cg\system\Test\DatabaseTestTrait.php(58): ExampleDatabaseTest->loadDependencies()
#4 C:\xampp\htdocs\cg\system\Test\CIUnitTestCase.php(251): ExampleDatabaseTest->setUpDatabase()
#5 C:\xampp\htdocs\cg\vendor\phpunit\phpunit\src\Framework\TestCase.php(2135): CodeIgniter\Test\CIUnitTestCase->setUp()
#6 C:\xampp\htdocs\cg\vendor\phpunit\phpunit\src\Framework\TestCase.php(2062): PHPUnit\Framework\TestCase->invokeHookMethods(Array, Object(PHPUnit\Event\DispatchingEmitter), 'testBeforeTestM...', 'testBeforeTestM...')
#7 C:\xampp\htdocs\cg\vendor\phpunit\phpunit\src\Framework\TestCase.php(651): PHPUnit\Framework\TestCase->invokeBeforeTestHookMethods(Array, Object(PHPUnit\Event\DispatchingEmitter))
#8 C:\xampp\htdocs\cg\vendor\phpunit\phpunit\src\Framework\TestRunner.php(105): PHPUnit\Framework\TestCase->runBare()
#9 C:\xampp\htdocs\cg\vendor\phpunit\phpunit\src\Framework\TestCase.php(493): PHPUnit\Framework\TestRunner->run(Object(ExampleDatabaseTest))
#10 C:\xampp\htdocs\cg\vendor\phpunit\phpunit\src\Framework\TestSuite.php(349): PHPUnit\Framework\TestCase->run()
#11 C:\xampp\htdocs\cg\vendor\phpunit\phpunit\src\Framework\TestSuite.php(349): PHPUnit\Framework\TestSuite->run()
#12 C:\xampp\htdocs\cg\vendor\phpunit\phpunit\src\Framework\TestSuite.php(349): PHPUnit\Framework\TestSuite->run()
#13 C:\xampp\htdocs\cg\vendor\phpunit\phpunit\src\TextUI\TestRunner.php(62): PHPUnit\Framework\TestSuite->run()
#14 C:\xampp\htdocs\cg\vendor\phpunit\phpunit\src\TextUI\Application.php(199): PHPUnit\TextUI\TestRunner->run(Object(PHPUnit\TextUI\Configuration\Configuration), Object(PHPUnit\Runner\ResultCache\DefaultResultCache), Object(PHPUnit\Framework\TestSuite))
#15 C:\xampp\htdocs\cg\vendor\phpunit\phpunit\phpunit(104): PHPUnit\TextUI\Application->run(Array)
#16 C:\xampp\htdocs\cg\vendor\bin\phpunit(122): include('C:\\xampp\\htdocs...')
#17 {main}
ERROR - 2024-05-11 19:57:45 --> Error connecting to the database: Error: Class "SQLite3" not found in C:\xampp\htdocs\cg\system\Database\SQLite3\Connection.php:90
Stack trace:
#0 C:\xampp\htdocs\cg\system\Database\BaseConnection.php(421): CodeIgniter\Database\SQLite3\Connection->connect(false)
#1 C:\xampp\htdocs\cg\system\Database\SQLite3\Connection.php(60): CodeIgniter\Database\BaseConnection->initialize()
#2 C:\xampp\htdocs\cg\system\Test\DatabaseTestTrait.php(82): CodeIgniter\Database\SQLite3\Connection->initialize()
#3 C:\xampp\htdocs\cg\system\Test\DatabaseTestTrait.php(58): ExampleDatabaseTest->loadDependencies()
#4 C:\xampp\htdocs\cg\system\Test\CIUnitTestCase.php(251): ExampleDatabaseTest->setUpDatabase()
#5 C:\xampp\htdocs\cg\vendor\phpunit\phpunit\src\Framework\TestCase.php(2135): CodeIgniter\Test\CIUnitTestCase->setUp()
#6 C:\xampp\htdocs\cg\vendor\phpunit\phpunit\src\Framework\TestCase.php(2062): PHPUnit\Framework\TestCase->invokeHookMethods(Array, Object(PHPUnit\Event\DispatchingEmitter), 'testBeforeTestM...', 'testBeforeTestM...')
#7 C:\xampp\htdocs\cg\vendor\phpunit\phpunit\src\Framework\TestCase.php(651): PHPUnit\Framework\TestCase->invokeBeforeTestHookMethods(Array, Object(PHPUnit\Event\DispatchingEmitter))
#8 C:\xampp\htdocs\cg\vendor\phpunit\phpunit\src\Framework\TestRunner.php(105): PHPUnit\Framework\TestCase->runBare()
#9 C:\xampp\htdocs\cg\vendor\phpunit\phpunit\src\Framework\TestCase.php(493): PHPUnit\Framework\TestRunner->run(Object(ExampleDatabaseTest))
#10 C:\xampp\htdocs\cg\vendor\phpunit\phpunit\src\Framework\TestSuite.php(349): PHPUnit\Framework\TestCase->run()
#11 C:\xampp\htdocs\cg\vendor\phpunit\phpunit\src\Framework\TestSuite.php(349): PHPUnit\Framework\TestSuite->run()
#12 C:\xampp\htdocs\cg\vendor\phpunit\phpunit\src\Framework\TestSuite.php(349): PHPUnit\Framework\TestSuite->run()
#13 C:\xampp\htdocs\cg\vendor\phpunit\phpunit\src\TextUI\TestRunner.php(62): PHPUnit\Framework\TestSuite->run()
#14 C:\xampp\htdocs\cg\vendor\phpunit\phpunit\src\TextUI\Application.php(199): PHPUnit\TextUI\TestRunner->run(Object(PHPUnit\TextUI\Configuration\Configuration), Object(PHPUnit\Runner\ResultCache\DefaultResultCache), Object(PHPUnit\Framework\TestSuite))
#15 C:\xampp\htdocs\cg\vendor\phpunit\phpunit\phpunit(104): PHPUnit\TextUI\Application->run(Array)
#16 C:\xampp\htdocs\cg\vendor\bin\phpunit(122): include('C:\\xampp\\htdocs...')
#17 {main}
ERROR - 2024-05-11 19:57:47 --> Error connecting to the database: Error: Class "SQLite3" not found in C:\xampp\htdocs\cg\system\Database\SQLite3\Connection.php:90
Stack trace:
#0 C:\xampp\htdocs\cg\system\Database\BaseConnection.php(421): CodeIgniter\Database\SQLite3\Connection->connect(false)
#1 C:\xampp\htdocs\cg\system\Database\SQLite3\Connection.php(60): CodeIgniter\Database\BaseConnection->initialize()
#2 C:\xampp\htdocs\cg\system\Test\DatabaseTestTrait.php(82): CodeIgniter\Database\SQLite3\Connection->initialize()
#3 C:\xampp\htdocs\cg\system\Test\DatabaseTestTrait.php(58): ExampleDatabaseTest->loadDependencies()
#4 C:\xampp\htdocs\cg\system\Test\CIUnitTestCase.php(251): ExampleDatabaseTest->setUpDatabase()
#5 C:\xampp\htdocs\cg\vendor\phpunit\phpunit\src\Framework\TestCase.php(2135): CodeIgniter\Test\CIUnitTestCase->setUp()
#6 C:\xampp\htdocs\cg\vendor\phpunit\phpunit\src\Framework\TestCase.php(2062): PHPUnit\Framework\TestCase->invokeHookMethods(Array, Object(PHPUnit\Event\DispatchingEmitter), 'testBeforeTestM...', 'testBeforeTestM...')
#7 C:\xampp\htdocs\cg\vendor\phpunit\phpunit\src\Framework\TestCase.php(651): PHPUnit\Framework\TestCase->invokeBeforeTestHookMethods(Array, Object(PHPUnit\Event\DispatchingEmitter))
#8 C:\xampp\htdocs\cg\vendor\phpunit\phpunit\src\Framework\TestRunner.php(105): PHPUnit\Framework\TestCase->runBare()
#9 C:\xampp\htdocs\cg\vendor\phpunit\phpunit\src\Framework\TestCase.php(493): PHPUnit\Framework\TestRunner->run(Object(ExampleDatabaseTest))
#10 C:\xampp\htdocs\cg\vendor\phpunit\phpunit\src\Framework\TestSuite.php(349): PHPUnit\Framework\TestCase->run()
#11 C:\xampp\htdocs\cg\vendor\phpunit\phpunit\src\Framework\TestSuite.php(349): PHPUnit\Framework\TestSuite->run()
#12 C:\xampp\htdocs\cg\vendor\phpunit\phpunit\src\Framework\TestSuite.php(349): PHPUnit\Framework\TestSuite->run()
#13 C:\xampp\htdocs\cg\vendor\phpunit\phpunit\src\TextUI\TestRunner.php(62): PHPUnit\Framework\TestSuite->run()
#14 C:\xampp\htdocs\cg\vendor\phpunit\phpunit\src\TextUI\Application.php(199): PHPUnit\TextUI\TestRunner->run(Object(PHPUnit\TextUI\Configuration\Configuration), Object(PHPUnit\Runner\ResultCache\DefaultResultCache), Object(PHPUnit\Framework\TestSuite))
#15 C:\xampp\htdocs\cg\vendor\phpunit\phpunit\phpunit(104): PHPUnit\TextUI\Application->run(Array)
#16 C:\xampp\htdocs\cg\vendor\bin\phpunit(122): include('C:\\xampp\\htdocs...')
#17 {main}
ERROR - 2024-05-11 19:57:47 --> Error connecting to the database: Error: Class "SQLite3" not found in C:\xampp\htdocs\cg\system\Database\SQLite3\Connection.php:90
Stack trace:
#0 C:\xampp\htdocs\cg\system\Database\BaseConnection.php(421): CodeIgniter\Database\SQLite3\Connection->connect(false)
#1 C:\xampp\htdocs\cg\system\Database\SQLite3\Connection.php(60): CodeIgniter\Database\BaseConnection->initialize()
#2 C:\xampp\htdocs\cg\system\Test\DatabaseTestTrait.php(82): CodeIgniter\Database\SQLite3\Connection->initialize()
#3 C:\xampp\htdocs\cg\system\Test\DatabaseTestTrait.php(58): ExampleDatabaseTest->loadDependencies()
#4 C:\xampp\htdocs\cg\system\Test\CIUnitTestCase.php(251): ExampleDatabaseTest->setUpDatabase()
#5 C:\xampp\htdocs\cg\vendor\phpunit\phpunit\src\Framework\TestCase.php(2135): CodeIgniter\Test\CIUnitTestCase->setUp()
#6 C:\xampp\htdocs\cg\vendor\phpunit\phpunit\src\Framework\TestCase.php(2062): PHPUnit\Framework\TestCase->invokeHookMethods(Array, Object(PHPUnit\Event\DispatchingEmitter), 'testBeforeTestM...', 'testBeforeTestM...')
#7 C:\xampp\htdocs\cg\vendor\phpunit\phpunit\src\Framework\TestCase.php(651): PHPUnit\Framework\TestCase->invokeBeforeTestHookMethods(Array, Object(PHPUnit\Event\DispatchingEmitter))
#8 C:\xampp\htdocs\cg\vendor\phpunit\phpunit\src\Framework\TestRunner.php(105): PHPUnit\Framework\TestCase->runBare()
#9 C:\xampp\htdocs\cg\vendor\phpunit\phpunit\src\Framework\TestCase.php(493): PHPUnit\Framework\TestRunner->run(Object(ExampleDatabaseTest))
#10 C:\xampp\htdocs\cg\vendor\phpunit\phpunit\src\Framework\TestSuite.php(349): PHPUnit\Framework\TestCase->run()
#11 C:\xampp\htdocs\cg\vendor\phpunit\phpunit\src\Framework\TestSuite.php(349): PHPUnit\Framework\TestSuite->run()
#12 C:\xampp\htdocs\cg\vendor\phpunit\phpunit\src\Framework\TestSuite.php(349): PHPUnit\Framework\TestSuite->run()
#13 C:\xampp\htdocs\cg\vendor\phpunit\phpunit\src\TextUI\TestRunner.php(62): PHPUnit\Framework\TestSuite->run()
#14 C:\xampp\htdocs\cg\vendor\phpunit\phpunit\src\TextUI\Application.php(199): PHPUnit\TextUI\TestRunner->run(Object(PHPUnit\TextUI\Configuration\Configuration), Object(PHPUnit\Runner\ResultCache\DefaultResultCache), Object(PHPUnit\Framework\TestSuite))
#15 C:\xampp\htdocs\cg\vendor\phpunit\phpunit\phpunit(104): PHPUnit\TextUI\Application->run(Array)
#16 C:\xampp\htdocs\cg\vendor\bin\phpunit(122): include('C:\\xampp\\htdocs...')
#17 {main}
CRITICAL - 2024-05-11 22:02:36 --> Error: Class "app\Controllers\BaseController" not found
[Method: GET, Route: /]
in APPPATH\Controllers\Home.php on line 9.
 1 SYSTEMPATH\Autoloader\Autoloader.php(317): include_once()
 2 SYSTEMPATH\Autoloader\Autoloader.php(296): CodeIgniter\Autoloader\Autoloader->includeFile('C:\\xampp\\htdocs\\cg\\app\\Controllers\\Home.php')
 3 SYSTEMPATH\Autoloader\Autoloader.php(272): CodeIgniter\Autoloader\Autoloader->loadInNamespace('App\\Controllers\\Home')
 4 [internal function]: CodeIgniter\Autoloader\Autoloader->loadClass('App\\Controllers\\Home')
 5 SYSTEMPATH\CodeIgniter.php(887): class_exists('\\App\\Controllers\\Home', true)
 6 SYSTEMPATH\CodeIgniter.php(496): CodeIgniter\CodeIgniter->startController()
 7 SYSTEMPATH\CodeIgniter.php(355): CodeIgniter\CodeIgniter->handleRequest(null, Object(Config\Cache), false)
 8 SYSTEMPATH\Boot.php(312): CodeIgniter\CodeIgniter->run()
 9 SYSTEMPATH\Boot.php(67): CodeIgniter\Boot::runCodeIgniter(Object(CodeIgniter\CodeIgniter))
10 FCPATH\index.php(56): CodeIgniter\Boot::bootWeb(Object(Config\Paths))
CRITICAL - 2024-05-11 22:03:23 --> Error: Class "app\Controllers\BaseController" not found
[Method: GET, Route: /]
in APPPATH\Controllers\Home.php on line 7.
 1 SYSTEMPATH\Autoloader\Autoloader.php(317): include_once()
 2 SYSTEMPATH\Autoloader\Autoloader.php(296): CodeIgniter\Autoloader\Autoloader->includeFile('C:\\xampp\\htdocs\\cg\\app\\Controllers\\Home.php')
 3 SYSTEMPATH\Autoloader\Autoloader.php(272): CodeIgniter\Autoloader\Autoloader->loadInNamespace('App\\Controllers\\Home')
 4 [internal function]: CodeIgniter\Autoloader\Autoloader->loadClass('App\\Controllers\\Home')
 5 SYSTEMPATH\CodeIgniter.php(887): class_exists('\\App\\Controllers\\Home', true)
 6 SYSTEMPATH\CodeIgniter.php(496): CodeIgniter\CodeIgniter->startController()
 7 SYSTEMPATH\CodeIgniter.php(355): CodeIgniter\CodeIgniter->handleRequest(null, Object(Config\Cache), false)
 8 SYSTEMPATH\Boot.php(312): CodeIgniter\CodeIgniter->run()
 9 SYSTEMPATH\Boot.php(67): CodeIgniter\Boot::runCodeIgniter(Object(CodeIgniter\CodeIgniter))
10 FCPATH\index.php(56): CodeIgniter\Boot::bootWeb(Object(Config\Paths))
CRITICAL - 2024-05-11 22:03:47 --> Error: Class "app\Controllers\BaseController" not found
[Method: GET, Route: /]
in APPPATH\Controllers\Home.php on line 7.
 1 SYSTEMPATH\Autoloader\Autoloader.php(317): include_once()
 2 SYSTEMPATH\Autoloader\Autoloader.php(296): CodeIgniter\Autoloader\Autoloader->includeFile('C:\\xampp\\htdocs\\cg\\app\\Controllers\\Home.php')
 3 SYSTEMPATH\Autoloader\Autoloader.php(272): CodeIgniter\Autoloader\Autoloader->loadInNamespace('App\\Controllers\\Home')
 4 [internal function]: CodeIgniter\Autoloader\Autoloader->loadClass('App\\Controllers\\Home')
 5 SYSTEMPATH\CodeIgniter.php(887): class_exists('\\App\\Controllers\\Home', true)
 6 SYSTEMPATH\CodeIgniter.php(496): CodeIgniter\CodeIgniter->startController()
 7 SYSTEMPATH\CodeIgniter.php(355): CodeIgniter\CodeIgniter->handleRequest(null, Object(Config\Cache), false)
 8 SYSTEMPATH\Boot.php(312): CodeIgniter\CodeIgniter->run()
 9 SYSTEMPATH\Boot.php(67): CodeIgniter\Boot::runCodeIgniter(Object(CodeIgniter\CodeIgniter))
10 FCPATH\index.php(56): CodeIgniter\Boot::bootWeb(Object(Config\Paths))
